02-14 17:28 root         INFO     Shutting down interface wlan1
02-14 17:28 root         INFO     Setting interface wlan1 to monitore mode
02-14 17:28 root         INFO     Bringing up interface wlan1
02-14 17:28 root         INFO     Scanning for 10 seconds to get all WLANs on channels [1, 6, 11, 36, 40, 44, 48]
02-14 17:28 root         INFO     Writing WLANs to wlans.json
02-14 17:28 root         INFO     Writing WLANs to wlans.json
02-14 17:28 root         INFO     Writing WLANs to wlans.json
02-14 17:28 root         INFO     Writing WLANs to wlans.json
02-14 17:28 root         INFO     Writing WLANs to wlans.json
02-14 17:28 root         INFO     Writing WLANs to wlans.json
02-14 17:28 root         INFO     Writing WLANs to wlans.json
02-14 17:28 root         INFO     Writing WLANs to wlans.json
02-14 17:28 root         INFO     Writing WLANs to wlans.json
02-14 17:28 root         INFO     Writing WLANs to wlans.json
02-14 17:28 root         INFO     Writing WLANs to wlans.json
02-14 17:28 root         INFO     Writing WLANs to wlans.json
02-14 17:28 root         INFO     Writing WLANs to wlans.json
02-14 17:28 root         INFO     Writing WLANs to wlans.json
02-14 17:28 root         INFO     Writing WLANs to wlans.json
02-14 17:28 root         INFO     Writing WLANs to wlans.json
02-14 17:28 root         INFO     Writing WLANs to wlans.json
02-14 17:28 root         INFO     Writing WLANs to wlans.json
02-14 17:28 root         INFO     Writing WLANs to wlans.json
02-14 17:28 root         INFO     Writing WLANs to wlans.json
02-14 17:28 root         INFO     Writing WLANs to wlans.json
02-14 17:28 root         INFO     Writing WLANs to wlans.json
02-14 17:28 root         INFO     Writing WLANs to wlans.json
02-14 17:28 root         INFO     Writing WLANs to wlans.json
02-14 17:28 root         INFO     Writing WLANs to wlans.json
02-14 17:28 root         INFO     Writing WLANs to wlans.json
02-14 17:28 root         INFO     Writing WLANs to wlans.json
02-14 17:28 root         INFO     Writing WLANs to wlans.json
02-14 17:28 root         INFO     Writing WLANs to wlans.json
02-14 17:28 root         INFO     Writing WLANs to wlans.json
02-14 17:28 root         INFO     Writing WLANs to wlans.json
02-14 17:28 root         INFO     Writing WLANs to wlans.json
02-14 17:28 root         INFO     Writing WLANs to wlans.json
02-14 17:28 root         INFO     Writing WLANs to wlans.json
02-14 17:28 root         INFO     Writing WLANs to wlans.json
02-14 17:28 root         INFO     Writing WLANs to wlans.json
02-14 17:28 root         INFO     Writing WLANs to wlans.json
02-14 17:28 root         INFO     Writing WLANs to wlans.json
02-14 17:28 root         INFO     Writing WLANs to wlans.json
02-14 17:28 root         INFO     Writing WLANs to wlans.json
02-14 17:28 root         INFO     Writing WLANs to wlans.json
02-14 17:28 root         INFO     Writing WLANs to wlans.json
02-14 17:28 root         INFO     Writing WLANs to wlans.json
02-14 17:28 root         INFO     Writing WLANs to wlans.json
02-14 17:28 root         INFO     Writing WLANs to wlans.json
02-14 17:28 root         INFO     Writing WLANs to wlans.json
02-14 17:28 root         INFO     Writing WLANs to wlans.json
02-14 17:28 root         INFO     Writing WLANs to wlans.json
02-14 17:28 root         INFO     Writing WLANs to wlans.json
02-14 17:28 root         INFO     Writing WLANs to wlans.json
02-14 17:28 root         INFO     Writing WLANs to wlans.json
02-14 17:28 root         INFO     Writing WLANs to wlans.json
02-14 17:28 root         INFO     Writing WLANs to wlans.json
02-14 17:28 root         INFO     Writing WLANs to wlans.json
02-14 17:28 root         INFO     Writing WLANs to wlans.json
02-14 17:28 root         INFO     Writing WLANs to wlans.json
02-14 17:28 root         INFO     Writing WLANs to wlans.json
02-14 17:28 root         INFO     Writing WLANs to wlans.json
02-14 17:28 root         INFO     Writing WLANs to wlans.json
02-14 17:28 root         INFO     Writing WLANs to wlans.json
02-14 17:28 root         INFO     Writing WLANs to wlans.json
02-14 17:28 root         INFO     Writing WLANs to wlans.json
02-14 17:28 root         INFO     Writing WLANs to wlans.json
02-14 17:28 root         INFO     Writing WLANs to wlans.json
02-14 17:28 root         INFO     Writing WLANs to wlans.json
02-14 17:28 root         INFO     Writing WLANs to wlans.json
02-14 17:28 root         INFO     Writing WLANs to wlans.json
02-14 17:28 root         INFO     Writing WLANs to wlans.json
02-14 17:28 root         INFO     Writing WLANs to wlans.json
02-14 17:28 root         INFO     Writing WLANs to wlans.json
02-14 17:28 root         INFO     Writing WLANs to wlans.json
02-14 17:28 root         INFO     Writing WLANs to wlans.json
02-14 17:28 root         INFO     Writing WLANs to wlans.json
02-14 17:28 root         INFO     Writing WLANs to wlans.json
02-14 17:28 root         INFO     Writing WLANs to wlans.json
02-14 17:28 root         INFO     Writing WLANs to wlans.json
02-14 17:28 root         INFO     Writing WLANs to wlans.json
02-14 17:28 root         INFO     Writing WLANs to wlans.json
02-14 17:28 root         INFO     Writing WLANs to wlans.json
02-14 17:28 root         INFO     Writing WLANs to wlans.json
02-14 17:28 root         INFO     Writing WLANs to wlans.json
02-14 17:28 root         INFO     Writing WLANs to wlans.json
02-14 17:28 root         INFO     Writing WLANs to wlans.json
02-14 17:28 root         INFO     Writing WLANs to wlans.json
02-14 17:28 root         INFO     Writing WLANs to wlans.json
02-14 17:28 root         INFO     Writing WLANs to wlans.json
02-14 17:28 root         INFO     Writing WLANs to wlans.json
02-14 17:28 root         INFO     Writing WLANs to wlans.json
02-14 17:28 root         INFO     Writing WLANs to wlans.json
02-14 17:28 root         INFO     Writing WLANs to wlans.json
02-14 17:28 root         INFO     Writing WLANs to wlans.json
02-14 17:28 root         INFO     Writing WLANs to wlans.json
02-14 17:28 root         INFO     Writing WLANs to wlans.json
02-14 17:28 root         INFO     Writing WLANs to wlans.json
02-14 17:28 root         INFO     Writing WLANs to wlans.json
02-14 17:28 root         INFO     Writing WLANs to wlans.json
02-14 17:29 root         INFO     Writing WLANs to wlans.json
02-14 17:29 root         INFO     Writing WLANs to wlans.json
02-14 17:29 root         INFO     Writing WLANs to wlans.json
02-14 17:29 root         INFO     Writing WLANs to wlans.json
02-14 17:29 root         INFO     Writing WLANs to wlans.json
02-14 17:29 root         INFO     Writing WLANs to wlans.json
02-14 17:29 root         INFO     Writing WLANs to wlans.json
02-14 17:29 root         INFO     Writing WLANs to wlans.json
02-14 17:29 root         INFO     Writing WLANs to wlans.json
02-14 17:29 root         INFO     Writing WLANs to wlans.json
02-14 17:29 root         INFO     Writing WLANs to wlans.json
02-14 17:29 root         INFO     Writing WLANs to wlans.json
02-14 17:29 root         INFO     Writing WLANs to wlans.json
02-14 17:29 root         INFO     Writing WLANs to wlans.json
02-14 17:29 root         INFO     Writing WLANs to wlans.json
02-14 17:29 root         INFO     Writing WLANs to wlans.json
02-14 17:29 root         INFO     Writing WLANs to wlans.json
02-14 17:29 root         INFO     Writing WLANs to wlans.json
02-14 17:29 root         INFO     Writing WLANs to wlans.json
02-14 17:29 root         INFO     Writing WLANs to wlans.json
02-14 17:29 root         INFO     Writing WLANs to wlans.json
02-14 17:29 root         INFO     Writing WLANs to wlans.json
02-14 17:29 root         INFO     Writing WLANs to wlans.json
02-14 17:29 root         INFO     Writing WLANs to wlans.json
02-14 17:29 root         INFO     Writing WLANs to wlans.json
02-14 17:29 root         INFO     Writing WLANs to wlans.json
02-14 17:29 root         INFO     Writing WLANs to wlans.json
02-14 17:29 root         INFO     Writing WLANs to wlans.json
02-14 17:29 root         INFO     Writing WLANs to wlans.json
02-14 17:29 root         INFO     Writing WLANs to wlans.json
02-14 17:29 root         INFO     Writing WLANs to wlans.json
02-14 17:29 root         INFO     Writing WLANs to wlans.json
02-14 17:29 root         INFO     Writing WLANs to wlans.json
02-14 17:29 root         INFO     Writing WLANs to wlans.json
02-14 17:29 root         INFO     Writing WLANs to wlans.json
02-14 17:29 root         INFO     Writing WLANs to wlans.json
02-14 17:29 root         INFO     Writing WLANs to wlans.json
02-14 17:29 root         INFO     Writing WLANs to wlans.json
02-14 17:29 root         INFO     Writing WLANs to wlans.json
02-14 17:29 root         INFO     Writing WLANs to wlans.json
02-14 17:29 root         INFO     Writing WLANs to wlans.json
02-14 17:29 root         INFO     Writing WLANs to wlans.json
02-14 17:29 root         INFO     Writing WLANs to wlans.json
02-14 17:29 root         INFO     Writing WLANs to wlans.json
02-14 17:29 root         INFO     Writing WLANs to wlans.json
02-14 17:29 root         INFO     Writing WLANs to wlans.json
02-14 17:29 root         INFO     Writing WLANs to wlans.json
02-14 17:29 root         INFO     Writing WLANs to wlans.json
02-14 17:29 root         INFO     Writing WLANs to wlans.json
02-14 17:29 root         INFO     Writing WLANs to wlans.json
02-14 17:29 root         INFO     Writing WLANs to wlans.json
02-14 17:29 root         INFO     Writing WLANs to wlans.json
02-14 17:29 root         INFO     Writing WLANs to wlans.json
02-14 17:29 root         INFO     Writing WLANs to wlans.json
02-14 17:29 root         INFO     Writing WLANs to wlans.json
02-14 17:29 root         INFO     Writing WLANs to wlans.json
02-14 17:29 root         INFO     Writing WLANs to wlans.json
02-14 17:29 root         INFO     Writing WLANs to wlans.json
02-14 17:29 root         INFO     Writing WLANs to wlans.json
02-14 17:29 root         INFO     Writing WLANs to wlans.json
02-14 17:29 root         INFO     Writing WLANs to wlans.json
02-14 17:29 root         INFO     Writing WLANs to wlans.json
